mar 27, 2015 5:42:27 AM org.apache.catalina.startup.HostConfig reload
INFORMACIÓN: Falló la recarga del contexto [/PhoneBook]
mar 27, 2015 5:42:28 AM org.apache.catalina.util.LifecycleBase start
INFORMACIÓN: The start() method was called on component [StandardEngine[Catalina].StandardHost[localhost].StandardContext[/PhoneBook]] after start() had already been called. The second call will be ignored.
mar 27, 2015 5:42:28 AM org.apache.catalina.core.StandardContext reload
INFORMACIÓN: Ha comenzado la recarga de Contexto [/PhoneBook]
mar 27, 2015 5:42:29 AM org.apache.catalina.core.StandardContext reload
INFORMACIÓN: Se ha completado la recarga de este Contexto
mar 27, 2015 5:42:32 AM org.apache.catalina.core.StandardContext reload
INFORMACIÓN: Ha comenzado la recarga de Contexto [/PhoneBook]
mar 27, 2015 5:42:33 AM org.apache.catalina.core.StandardContext reload
INFORMACIÓN: Se ha completado la recarga de este Contexto
mar 27, 2015 5:47:14 AM org.apache.catalina.core.StandardContext reload
INFORMACIÓN: Ha comenzado la recarga de Contexto [/PhoneBook]
mar 27, 2015 5:47:14 AM org.apache.catalina.loader.WebappClassLoader clearReferencesJdbc
GRAVE: La aplicación web [/PhoneBook] registró el conductor JDBC [com.mysql.jdbc.Driver] pero falló al anular el registro mientras la aplicación web estaba parada. Para prevenir un fallo de memoria, se ha anulado el registro del conductor JDBC por la fuerza.
mar 27, 2015 5:47:15 AM org.apache.catalina.core.StandardContext reload
INFORMACIÓN: Se ha completado la recarga de este Contexto
mar 27, 2015 5:47:17 AM org.apache.catalina.core.StandardContext reload
INFORMACIÓN: Ha comenzado la recarga de Contexto [/PhoneBook]
mar 27, 2015 5:47:18 AM org.apache.catalina.core.StandardContext reload
INFORMACIÓN: Se ha completado la recarga de este Contexto
mar 27, 2015 5:47:25 AM org.apache.catalina.core.StandardContext reload
INFORMACIÓN: Ha comenzado la recarga de Contexto [/PhoneBook]
mar 27, 2015 5:47:25 AM org.apache.catalina.core.StandardContext reload
INFORMACIÓN: Se ha completado la recarga de este Contexto
mar 27, 2015 5:47:31 AM org.apache.catalina.core.StandardContext reload
INFORMACIÓN: Ha comenzado la recarga de Contexto [/PhoneBook]
mar 27, 2015 5:47:32 AM org.apache.catalina.core.StandardContext reload
INFORMACIÓN: Se ha completado la recarga de este Contexto
mar 27, 2015 5:47:35 AM org.apache.catalina.core.StandardContext reload
INFORMACIÓN: Ha comenzado la recarga de Contexto [/PhoneBook]
mar 27, 2015 5:47:36 AM org.apache.catalina.core.StandardContext reload
INFORMACIÓN: Se ha completado la recarga de este Contexto
mar 27, 2015 5:48:36 AM org.apache.catalina.core.StandardContext reload
INFORMACIÓN: Ha comenzado la recarga de Contexto [/PhoneBook]
mar 27, 2015 5:48:36 AM org.apache.catalina.core.StandardContext reload
INFORMACIÓN: Se ha completado la recarga de este Contexto
mar 27, 2015 5:57:47 AM org.apache.catalina.core.StandardContext reload
INFORMACIÓN: Ha comenzado la recarga de Contexto [/PhoneBook]
mar 27, 2015 5:57:48 AM org.apache.catalina.core.StandardContext reload
INFORMACIÓN: Se ha completado la recarga de este Contexto
mar 27, 2015 5:58:18 AM org.apache.catalina.startup.HostConfig undeploy
INFORMACIÓN: Repliegue (undeploy) de la aplicación web que tiene como trayectoria de contexto /PhoneBook
mar 27, 2015 5:58:18 AM org.apache.catalina.startup.HostConfig deployDescriptor
INFORMACIÓN: Desplieque del descriptor de configuración C:\Users\aC-Ma_000\Documents\ultimo4\PhoneBook\Servidor Tomcat\apache-tomcat-7.0.57\conf\Catalina\localhost\PhoneBook.xml
mar 27, 2015 5:58:18 AM org.apache.catalina.startup.HostConfig deployDescriptor
INFORMACIÓN: Deployment of configuration descriptor C:\Users\aC-Ma_000\Documents\ultimo4\PhoneBook\Servidor Tomcat\apache-tomcat-7.0.57\conf\Catalina\localhost\PhoneBook.xml has finished in 561 ms
mar 27, 2015 5:58:18 AM org.apache.catalina.util.LifecycleBase start
INFORMACIÓN: The start() method was called on component [StandardEngine[Catalina].StandardHost[localhost].StandardContext[/PhoneBook]] after start() had already been called. The second call will be ignored.
